#-----------------------------------------------------------
# Vivado v2018.2 (64-bit)
# SW Build 2258646 on Thu Jun 14 20:03:12 MDT 2018
# IP Build 2256618 on Thu Jun 14 22:10:49 MDT 2018
# Start of session at: Tue May  7 05:32:39 2024
# Process ID: 7308
# Current directory: C:/Users/X/Desktop/FINALLLLLLLLLLLLLLL/MANOOOOOOOOOOOO
# Command line: vivado.exe -gui_launcher_event rodinguilauncherevent12628 C:\Users\X\Desktop\FINALLLLLLLLLLLLLLL\MANOOOOOOOOOOOO\MANOOOOOOOOOOOO.xpr
# Log file: C:/Users/X/Desktop/FINALLLLLLLLLLLLLLL/MANOOOOOOOOOOOO/vivado.log
# Journal file: C:/Users/X/Desktop/FINALLLLLLLLLLLLLLL/MANOOOOOOOOOOOO\vivado.jou
#-----------------------------------------------------------
start_gui
open_project C:/Users/X/Desktop/FINALLLLLLLLLLLLLLL/MANOOOOOOOOOOOO/MANOOOOOOOOOOOO.xpr
Scanning sources...
Finished scanning sources
INFO: [IP_Flow 19-234] Refreshing IP repositories
INFO: [IP_Flow 19-1704] No user IP repositories specified
INFO: [IP_Flow 19-2313] Loaded Vivado IP repository 'C:/Xilinx/Vivado/2018.2/data/ip'.
open_project: Time (s): cpu = 00:00:14 ; elapsed = 00:00:06 . Memory (MB): peak = 864.660 ; gain = 127.586
update_compile_order -fileset sources_1
launch_simulation
INFO: [Vivado 12-5682] Launching behavioral simulation in 'C:/Users/X/Desktop/FINALLLLLLLLLLLLLLL/MANOOOOOOOOOOOO/MANOOOOOOOOOOOO.sim/sim_1/behav/xsim'
INFO: [SIM-utils-51] Simulation object is 'sim_1'
INFO: [SIM-utils-54] Inspecting design source files for 'HEAD_TB' in fileset 'sim_1'...
INFO: [USF-XSim-97] Finding global include files...
INFO: [USF-XSim-98] Fetching design files from 'sim_1'...
INFO: [USF-XSim-2] XSim::Compile design
INFO: [USF-XSim-61] Executing 'COMPILE and ANALYZE' step in 'C:/Users/X/Desktop/FINALLLLLLLLLLLLLLL/MANOOOOOOOOOOOO/MANOOOOOOOOOOOO.sim/sim_1/behav/xsim'
"xvlog --incr --relax -prj HEAD_TB_vlog.prj"
INFO: [USF-XSim-69] 'compile' step finished in '1' seconds
INFO: [USF-XSim-3] XSim::Elaborate design
INFO: [USF-XSim-61] Executing 'ELABORATE' step in 'C:/Users/X/Desktop/FINALLLLLLLLLLLLLLL/MANOOOOOOOOOOOO/MANOOOOOOOOOOOO.sim/sim_1/behav/xsim'
Vivado Simulator 2018.2
Copyright 1986-1999, 2001-2018 Xilinx, Inc. All Rights Reserved.
Running: C:/Xilinx/Vivado/2018.2/bin/unwrapped/win64.o/xelab.exe -wto d194382296c94200b605b2d39a8d0c63 --incr --debug typical --relax --mt 2 -L xil_defaultlib -L unisims_ver -L unimacro_ver -L secureip --snapshot HEAD_TB_behav xil_defaultlib.HEAD_TB xil_defaultlib.glbl -log elaborate.log 
Using 2 slave threads.
Starting static elaboration
WARNING: [VRFC 10-278] actual bit length 12 differs from formal bit length 16 for port B [C:/Users/X/Desktop/FINALLLLLLLLLLLLLLL/MANOOOOOOOOOOOO/MANOOOOOOOOOOOO.srcs/sources_1/new/ASIGNMENTAT.v:70]
WARNING: [VRFC 10-278] actual bit length 12 differs from formal bit length 16 for port B [C:/Users/X/Desktop/FINALLLLLLLLLLLLLLL/MANOOOOOOOOOOOO/MANOOOOOOOOOOOO.srcs/sources_1/new/ASIGNMENTAT.v:74]
WARNING: [VRFC 10-278] actual bit length 4 differs from formal bit length 16 for port d0 [C:/Users/X/Desktop/FINALLLLLLLLLLLLLLL/MANOOOOOOOOOOOO/MANOOOOOOOOOOOO.srcs/sources_1/new/HEAD.v:81]
Completed static elaboration
INFO: [XSIM 43-4323] No Change in HDL. Linking previously generated obj files to create kernel
INFO: [USF-XSim-69] 'elaborate' step finished in '1' seconds
INFO: [USF-XSim-4] XSim::Simulate design
INFO: [USF-XSim-61] Executing 'SIMULATE' step in 'C:/Users/X/Desktop/FINALLLLLLLLLLLLLLL/MANOOOOOOOOOOOO/MANOOOOOOOOOOOO.sim/sim_1/behav/xsim'
INFO: [USF-XSim-98] *** Running xsim
   with args "HEAD_TB_behav -key {Behavioral:sim_1:Functional:HEAD_TB} -tclbatch {HEAD_TB.tcl} -log {simulate.log}"
INFO: [USF-XSim-8] Loading simulator feature
Vivado Simulator 2018.2
Time resolution is 1 ps
source HEAD_TB.tcl
# set curr_wave [current_wave_config]
# if { [string length $curr_wave] == 0 } {
#   if { [llength [get_objects]] > 0} {
#     add_wave /
#     set_property needs_save false [current_wave_config]
#   } else {
#      send_msg_id Add_Wave-1 WARNING "No top level signals found. Simulator will start without a wave window. If you want to open a wave window go to 'File->New Waveform Configuration' or type 'create_wave_config' in the TCL console."
#   }
# }
# run 1000ns
INFO: [USF-XSim-96] XSim completed. Design snapshot 'HEAD_TB_behav' loaded.
INFO: [USF-XSim-97] XSim simulation ran for 1000ns
launch_simulation: Time (s): cpu = 00:00:07 ; elapsed = 00:00:05 . Memory (MB): peak = 881.941 ; gain = 9.211
close_sim
INFO: [Simtcl 6-16] Simulation closed
exit
INFO: [Common 17-206] Exiting Vivado at Tue May  7 05:33:51 2024...
